[debug] [2022-06-14T06:23:09.437Z] ----------------------------------------------------------------------
[debug] [2022-06-14T06:23:09.438Z] Command:       /usr/local/bin/node /usr/local/bin/firebase deploy
[debug] [2022-06-14T06:23:09.438Z] CLI Version:   11.1.0
[debug] [2022-06-14T06:23:09.439Z] Platform:      darwin
[debug] [2022-06-14T06:23:09.439Z] Node Version:  v16.13.0
[debug] [2022-06-14T06:23:09.443Z] Time:          Tue Jun 14 2022 16:23:09 GMT+1000 (Australian Eastern Standard Time)
[debug] [2022-06-14T06:23:09.443Z] ----------------------------------------------------------------------
[debug] 
[debug] [2022-06-14T06:23:09.481Z] > command requires scopes: ["email","openid","https://www.googleapis.com/auth/cloudplatformprojects.readonly","https://www.googleapis.com/auth/firebase","https://www.googleapis.com/auth/cloud-platform"]
[debug] [2022-06-14T06:23:09.481Z] > authorizing via signed-in user (attherate@gmail.com)
[debug] [2022-06-14T06:23:09.481Z] [iam] checking project kaushikfirebasemy-app for permissions ["cloudconfig.configs.get","cloudconfig.configs.update","cloudfunctions.functions.create","cloudfunctions.functions.delete","cloudfunctions.functions.get","cloudfunctions.functions.list","cloudfunctions.functions.update","cloudfunctions.operations.get","datastore.indexes.create","datastore.indexes.delete","datastore.indexes.list","datastore.indexes.update","firebase.projects.get","firebasedatabase.instances.update","firebasehosting.sites.update","firebaserules.releases.create","firebaserules.releases.update","firebaserules.rulesets.create"]
[debug] [2022-06-14T06:23:09.482Z] >>> [apiv2][query] POST https://cloudresourcemanager.googleapis.com/v1/projects/kaushikfirebasemy-app:testIamPermissions [none]
[debug] [2022-06-14T06:23:09.483Z] >>> [apiv2][body] POST https://cloudresourcemanager.googleapis.com/v1/projects/kaushikfirebasemy-app:testIamPermissions {"permissions":["cloudconfig.configs.get","cloudconfig.configs.update","cloudfunctions.functions.create","cloudfunctions.functions.delete","cloudfunctions.functions.get","cloudfunctions.functions.list","cloudfunctions.functions.update","cloudfunctions.operations.get","datastore.indexes.create","datastore.indexes.delete","datastore.indexes.list","datastore.indexes.update","firebase.projects.get","firebasedatabase.instances.update","firebasehosting.sites.update","firebaserules.releases.create","firebaserules.releases.update","firebaserules.rulesets.create"]}
[debug] [2022-06-14T06:23:09.845Z] <<< [apiv2][status] POST https://cloudresourcemanager.googleapis.com/v1/projects/kaushikfirebasemy-app:testIamPermissions 200
[debug] [2022-06-14T06:23:09.846Z] <<< [apiv2][body] POST https://cloudresourcemanager.googleapis.com/v1/projects/kaushikfirebasemy-app:testIamPermissions {"permissions":["cloudconfig.configs.get","cloudconfig.configs.update","cloudfunctions.functions.create","cloudfunctions.functions.delete","cloudfunctions.functions.get","cloudfunctions.functions.list","cloudfunctions.functions.update","cloudfunctions.operations.get","datastore.indexes.create","datastore.indexes.delete","datastore.indexes.list","datastore.indexes.update","firebase.projects.get","firebasedatabase.instances.update","firebasehosting.sites.update","firebaserules.releases.create","firebaserules.releases.update","firebaserules.rulesets.create"]}
[debug] [2022-06-14T06:23:09.846Z] >>> [apiv2][query] POST https://iam.googleapis.com/v1/projects/kaushikfirebasemy-app/serviceAccounts/kaushikfirebasemy-app@appspot.gserviceaccount.com:testIamPermissions [none]
[debug] [2022-06-14T06:23:09.847Z] >>> [apiv2][body] POST https://iam.googleapis.com/v1/projects/kaushikfirebasemy-app/serviceAccounts/kaushikfirebasemy-app@appspot.gserviceaccount.com:testIamPermissions {"permissions":["iam.serviceAccounts.actAs"]}
[debug] [2022-06-14T06:23:10.303Z] <<< [apiv2][status] POST https://iam.googleapis.com/v1/projects/kaushikfirebasemy-app/serviceAccounts/kaushikfirebasemy-app@appspot.gserviceaccount.com:testIamPermissions 200
[debug] [2022-06-14T06:23:10.304Z] <<< [apiv2][body] POST https://iam.googleapis.com/v1/projects/kaushikfirebasemy-app/serviceAccounts/kaushikfirebasemy-app@appspot.gserviceaccount.com:testIamPermissions {"permissions":["iam.serviceAccounts.actAs"]}
[debug] [2022-06-14T06:23:10.305Z] >>> [apiv2][query] GET https://firebase.googleapis.com/v1beta1/projects/kaushikfirebasemy-app [none]
[debug] [2022-06-14T06:23:11.154Z] <<< [apiv2][status] GET https://firebase.googleapis.com/v1beta1/projects/kaushikfirebasemy-app 200
[debug] [2022-06-14T06:23:11.155Z] <<< [apiv2][body] GET https://firebase.googleapis.com/v1beta1/projects/kaushikfirebasemy-app {"projectId":"kaushikfirebasemy-app","projectNumber":"113289750110","displayName":"kaushikfirebasemy-app","name":"projects/kaushikfirebasemy-app","resources":{"hostingSite":"kaushikfirebasemy-app","realtimeDatabaseInstance":"kaushikfirebasemy-app-default-rtdb","storageBucket":"kaushikfirebasemy-app.appspot.com","locationId":"australia-southeast1"},"state":"ACTIVE"}
[debug] [2022-06-14T06:23:11.155Z] >>> [apiv2][query] GET https://firebase.googleapis.com/v1beta1/projects/kaushikfirebasemy-app [none]
[debug] [2022-06-14T06:23:11.635Z] <<< [apiv2][status] GET https://firebase.googleapis.com/v1beta1/projects/kaushikfirebasemy-app 200
[debug] [2022-06-14T06:23:11.635Z] <<< [apiv2][body] GET https://firebase.googleapis.com/v1beta1/projects/kaushikfirebasemy-app {"projectId":"kaushikfirebasemy-app","projectNumber":"113289750110","displayName":"kaushikfirebasemy-app","name":"projects/kaushikfirebasemy-app","resources":{"hostingSite":"kaushikfirebasemy-app","realtimeDatabaseInstance":"kaushikfirebasemy-app-default-rtdb","storageBucket":"kaushikfirebasemy-app.appspot.com","locationId":"australia-southeast1"},"state":"ACTIVE"}
[info] 
[info] === Deploying to 'kaushikfirebasemy-app'...
[info] 
[info] i  deploying database, storage, firestore, functions, hosting, remoteconfig 
[info] Running command: npm --prefix "$RESOURCE_DIR" run lint
[info] ✔  functions: Finished running predeploy script. 
[info] i  database: checking rules syntax... 
[debug] [2022-06-14T06:23:12.202Z] >>> [apiv2][query] GET https://firebasedatabase.googleapis.com/v1beta/projects/kaushikfirebasemy-app/locations/-/instances/kaushikfirebasemy-app-default-rtdb [none]
[debug] [2022-06-14T06:23:12.995Z] <<< [apiv2][status] GET https://firebasedatabase.googleapis.com/v1beta/projects/kaushikfirebasemy-app/locations/-/instances/kaushikfirebasemy-app-default-rtdb 200
[debug] [2022-06-14T06:23:12.995Z] <<< [apiv2][body] GET https://firebasedatabase.googleapis.com/v1beta/projects/kaushikfirebasemy-app/locations/-/instances/kaushikfirebasemy-app-default-rtdb {"name":"projects/113289750110/locations/asia-southeast1/instances/kaushikfirebasemy-app-default-rtdb","project":"projects/113289750110","databaseUrl":"https://kaushikfirebasemy-app-default-rtdb.asia-southeast1.firebasedatabase.app","type":"DEFAULT_DATABASE","state":"ACTIVE"}
[debug] [2022-06-14T06:23:12.997Z] >>> [apiv2][query] PUT https://kaushikfirebasemy-app-default-rtdb.asia-southeast1.firebasedatabase.app/.settings/rules.json dryRun=true
[debug] [2022-06-14T06:23:12.998Z] >>> [apiv2][body] PUT https://kaushikfirebasemy-app-default-rtdb.asia-southeast1.firebasedatabase.app/.settings/rules.json "{\n  /* Visit https://firebase.google.com/docs/database/security to learn more about security rules. */\n  \"rules\": {\n    \".read\": false,\n    \".write\": false\n  }\n}"
[debug] [2022-06-14T06:23:13.427Z] <<< [apiv2][status] PUT https://kaushikfirebasemy-app-default-rtdb.asia-southeast1.firebasedatabase.app/.settings/rules.json 200
[debug] [2022-06-14T06:23:13.428Z] <<< [apiv2][body] PUT https://kaushikfirebasemy-app-default-rtdb.asia-southeast1.firebasedatabase.app/.settings/rules.json {"status":"ok"}
[info] ✔  database: rules syntax for database kaushikfirebasemy-app-default-rtdb is valid 
[debug] [2022-06-14T06:23:13.429Z] >>> [apiv2][query] GET https://appengine.googleapis.com/v1/apps/kaushikfirebasemy-app [none]
[debug] [2022-06-14T06:23:13.758Z] <<< [apiv2][status] GET https://appengine.googleapis.com/v1/apps/kaushikfirebasemy-app 200
[debug] [2022-06-14T06:23:13.758Z] <<< [apiv2][body] GET https://appengine.googleapis.com/v1/apps/kaushikfirebasemy-app {"name":"apps/kaushikfirebasemy-app","id":"kaushikfirebasemy-app","authDomain":"gmail.com","locationId":"australia-southeast1","codeBucket":"staging.kaushikfirebasemy-app.appspot.com","servingStatus":"SERVING","defaultHostname":"kaushikfirebasemy-app.ts.r.appspot.com","defaultBucket":"kaushikfirebasemy-app.appspot.com","serviceAccount":"kaushikfirebasemy-app@appspot.gserviceaccount.com","gcrDomain":"asia.gcr.io","databaseType":"CLOUD_FIRESTORE","featureSettings":{"splitHealthChecks":true,"useContainerOptimizedOs":true}}
[info] i  firebase.storage: checking storage.rules for compilation errors... 
[debug] [2022-06-14T06:23:13.760Z] >>> [apiv2][query] POST https://firebaserules.googleapis.com/v1/projects/kaushikfirebasemy-app:test [none]
[debug] [2022-06-14T06:23:13.760Z] >>> [apiv2][body] POST https://firebaserules.googleapis.com/v1/projects/kaushikfirebasemy-app:test [omitted]
[debug] [2022-06-14T06:23:14.238Z] <<< [apiv2][status] POST https://firebaserules.googleapis.com/v1/projects/kaushikfirebasemy-app:test 200
[debug] [2022-06-14T06:23:14.238Z] <<< [apiv2][body] POST https://firebaserules.googleapis.com/v1/projects/kaushikfirebasemy-app:test {}
[info] ✔  firebase.storage: rules file storage.rules compiled successfully 
[info] i  firestore: reading indexes from firestore.indexes.json... 
[info] i  cloud.firestore: checking firestore.rules for compilation errors... 
[debug] [2022-06-14T06:23:14.242Z] >>> [apiv2][query] POST https://firebaserules.googleapis.com/v1/projects/kaushikfirebasemy-app:test [none]
[debug] [2022-06-14T06:23:14.242Z] >>> [apiv2][body] POST https://firebaserules.googleapis.com/v1/projects/kaushikfirebasemy-app:test [omitted]
[debug] [2022-06-14T06:23:14.726Z] <<< [apiv2][status] POST https://firebaserules.googleapis.com/v1/projects/kaushikfirebasemy-app:test 200
[debug] [2022-06-14T06:23:14.726Z] <<< [apiv2][body] POST https://firebaserules.googleapis.com/v1/projects/kaushikfirebasemy-app:test {}
[info] ✔  cloud.firestore: rules file firestore.rules compiled successfully 
[debug] [2022-06-14T06:23:14.728Z] >>> [apiv2][query] GET https://firebase.googleapis.com/v1beta1/projects/kaushikfirebasemy-app [none]
[debug] [2022-06-14T06:23:15.454Z] <<< [apiv2][status] GET https://firebase.googleapis.com/v1beta1/projects/kaushikfirebasemy-app 200
[debug] [2022-06-14T06:23:15.454Z] <<< [apiv2][body] GET https://firebase.googleapis.com/v1beta1/projects/kaushikfirebasemy-app {"projectId":"kaushikfirebasemy-app","projectNumber":"113289750110","displayName":"kaushikfirebasemy-app","name":"projects/kaushikfirebasemy-app","resources":{"hostingSite":"kaushikfirebasemy-app","realtimeDatabaseInstance":"kaushikfirebasemy-app-default-rtdb","storageBucket":"kaushikfirebasemy-app.appspot.com","locationId":"australia-southeast1"},"state":"ACTIVE"}
[info] i  functions: ensuring required API cloudfunctions.googleapis.com is enabled... 
[info] i  functions: ensuring required API cloudbuild.googleapis.com is enabled... 
[debug] [2022-06-14T06:23:15.457Z] >>> [apiv2][query] GET https://serviceusage.googleapis.com/v1/projects/kaushikfirebasemy-app/services/cloudfunctions.googleapis.com [none]
[debug] [2022-06-14T06:23:15.459Z] >>> [apiv2][query] GET https://serviceusage.googleapis.com/v1/projects/kaushikfirebasemy-app/services/runtimeconfig.googleapis.com [none]
[debug] [2022-06-14T06:23:15.461Z] >>> [apiv2][query] GET https://serviceusage.googleapis.com/v1/projects/kaushikfirebasemy-app/services/cloudbuild.googleapis.com [none]
[debug] [2022-06-14T06:23:15.463Z] >>> [apiv2][query] GET https://serviceusage.googleapis.com/v1/projects/kaushikfirebasemy-app/services/artifactregistry.googleapis.com [none]
[debug] [2022-06-14T06:23:16.867Z] <<< [apiv2][status] GET https://serviceusage.googleapis.com/v1/projects/kaushikfirebasemy-app/services/artifactregistry.googleapis.com 200
[debug] [2022-06-14T06:23:16.867Z] <<< [apiv2][body] GET https://serviceusage.googleapis.com/v1/projects/kaushikfirebasemy-app/services/artifactregistry.googleapis.com [omitted]
[debug] [2022-06-14T06:23:16.868Z] <<< [apiv2][status] GET https://serviceusage.googleapis.com/v1/projects/kaushikfirebasemy-app/services/runtimeconfig.googleapis.com 200
[debug] [2022-06-14T06:23:16.868Z] <<< [apiv2][body] GET https://serviceusage.googleapis.com/v1/projects/kaushikfirebasemy-app/services/runtimeconfig.googleapis.com [omitted]
[debug] [2022-06-14T06:23:16.893Z] <<< [apiv2][status] GET https://serviceusage.googleapis.com/v1/projects/kaushikfirebasemy-app/services/cloudfunctions.googleapis.com 200
[debug] [2022-06-14T06:23:16.893Z] <<< [apiv2][body] GET https://serviceusage.googleapis.com/v1/projects/kaushikfirebasemy-app/services/cloudfunctions.googleapis.com [omitted]
[info] ✔  functions: required API cloudfunctions.googleapis.com is enabled 
[debug] [2022-06-14T06:23:16.909Z] <<< [apiv2][status] GET https://serviceusage.googleapis.com/v1/projects/kaushikfirebasemy-app/services/cloudbuild.googleapis.com 200
[debug] [2022-06-14T06:23:16.909Z] <<< [apiv2][body] GET https://serviceusage.googleapis.com/v1/projects/kaushikfirebasemy-app/services/cloudbuild.googleapis.com [omitted]
[warn] ⚠  functions: missing required API cloudbuild.googleapis.com. Enabling now... 
[debug] [2022-06-14T06:23:16.910Z] >>> [apiv2][query] POST https://serviceusage.googleapis.com/v1/projects/kaushikfirebasemy-app/services/cloudbuild.googleapis.com:enable [none]
[debug] [2022-06-14T06:23:17.516Z] <<< [apiv2][status] POST https://serviceusage.googleapis.com/v1/projects/kaushikfirebasemy-app/services/cloudbuild.googleapis.com:enable 200
[debug] [2022-06-14T06:23:17.516Z] <<< [apiv2][body] POST https://serviceusage.googleapis.com/v1/projects/kaushikfirebasemy-app/services/cloudbuild.googleapis.com:enable [omitted]
[debug] [2022-06-14T06:23:27.520Z] >>> [apiv2][query] GET https://serviceusage.googleapis.com/v1/projects/kaushikfirebasemy-app/services/cloudbuild.googleapis.com [none]
[debug] [2022-06-14T06:23:29.641Z] <<< [apiv2][status] GET https://serviceusage.googleapis.com/v1/projects/kaushikfirebasemy-app/services/cloudbuild.googleapis.com 200
[debug] [2022-06-14T06:23:29.641Z] <<< [apiv2][body] GET https://serviceusage.googleapis.com/v1/projects/kaushikfirebasemy-app/services/cloudbuild.googleapis.com [omitted]
[info] i  functions: waiting for API cloudbuild.googleapis.com to activate... 
[debug] [2022-06-14T06:23:39.643Z] >>> [apiv2][query] GET https://serviceusage.googleapis.com/v1/projects/kaushikfirebasemy-app/services/cloudbuild.googleapis.com [none]
[debug] [2022-06-14T06:23:41.698Z] <<< [apiv2][status] GET https://serviceusage.googleapis.com/v1/projects/kaushikfirebasemy-app/services/cloudbuild.googleapis.com 200
[debug] [2022-06-14T06:23:41.699Z] <<< [apiv2][body] GET https://serviceusage.googleapis.com/v1/projects/kaushikfirebasemy-app/services/cloudbuild.googleapis.com [omitted]
[info] ✔  functions: required API cloudbuild.googleapis.com is enabled 
[debug] [2022-06-14T06:23:41.708Z] >>> [apiv2][query] GET https://firebase.googleapis.com/v1beta1/projects/kaushikfirebasemy-app/adminSdkConfig [none]
[debug] [2022-06-14T06:23:42.743Z] <<< [apiv2][status] GET https://firebase.googleapis.com/v1beta1/projects/kaushikfirebasemy-app/adminSdkConfig 200
[debug] [2022-06-14T06:23:42.744Z] <<< [apiv2][body] GET https://firebase.googleapis.com/v1beta1/projects/kaushikfirebasemy-app/adminSdkConfig {"projectId":"kaushikfirebasemy-app","databaseURL":"https://kaushikfirebasemy-app-default-rtdb.asia-southeast1.firebasedatabase.app","storageBucket":"kaushikfirebasemy-app.appspot.com","locationId":"australia-southeast1"}
[debug] [2022-06-14T06:23:42.744Z] >>> [apiv2][query] GET https://runtimeconfig.googleapis.com/v1beta1/projects/kaushikfirebasemy-app/configs [none]
[debug] [2022-06-14T06:23:44.322Z] <<< [apiv2][status] GET https://runtimeconfig.googleapis.com/v1beta1/projects/kaushikfirebasemy-app/configs 200
[debug] [2022-06-14T06:23:44.322Z] <<< [apiv2][body] GET https://runtimeconfig.googleapis.com/v1beta1/projects/kaushikfirebasemy-app/configs {}
[info] i  functions: preparing codebase default for deployment 
[debug] [2022-06-14T06:23:44.326Z] Validating nodejs source
[debug] [2022-06-14T06:23:45.934Z] > [functions] package.json contents: {
  "name": "functions",
  "description": "Cloud Functions for Firebase",
  "scripts": {
    "lint": "eslint .",
    "serve": "firebase emulators:start --only functions",
    "shell": "firebase functions:shell",
    "start": "npm run shell",
    "deploy": "firebase deploy --only functions",
    "logs": "firebase functions:log"
  },
  "engines": {
    "node": "16"
  },
  "main": "index.js",
  "dependencies": {
    "firebase-admin": "^10.0.2",
    "firebase-functions": "^3.18.0"
  },
  "devDependencies": {
    "eslint": "^8.9.0",
    "eslint-config-google": "^0.14.0",
    "firebase-functions-test": "^0.2.0"
  },
  "private": true
}
[debug] [2022-06-14T06:23:45.935Z] Building nodejs source
[debug] [2022-06-14T06:23:45.935Z] Analyzing nodejs backend spec
[debug] [2022-06-14T06:23:45.937Z] Could not find functions.yaml. Must use http discovery
[debug] [2022-06-14T06:23:47.077Z] Serving at port 9005

[debug] [2022-06-14T06:23:47.108Z] Got response from /__/functions.yaml {"endpoints":{"helloWorld":{"platform":"gcfv1","httpsTrigger":{},"entryPoint":"helloWorld"}},"specVersion":"v1alpha1","requiredAPIs":[]}
[debug] [2022-06-14T06:23:47.111Z] shutdown requested via /__/quitquitquit

[info] i  functions: preparing functions directory for uploading... 
[info] i  functions: packaged /Users/kaushik/Desktop/Practice/firebase-test/my-app/functions (72.26 KB) for uploading 
[debug] [2022-06-14T06:23:47.143Z] >>> [apiv2][query] GET https://cloudfunctions.googleapis.com/v1/projects/kaushikfirebasemy-app/locations/-/functions [none]
[debug] [2022-06-14T06:23:49.459Z] <<< [apiv2][status] GET https://cloudfunctions.googleapis.com/v1/projects/kaushikfirebasemy-app/locations/-/functions 200
[debug] [2022-06-14T06:23:49.460Z] <<< [apiv2][body] GET https://cloudfunctions.googleapis.com/v1/projects/kaushikfirebasemy-app/locations/-/functions {}
[debug] [2022-06-14T06:23:49.462Z] >>> [apiv2][query] GET https://cloudfunctions.googleapis.com/v2alpha/projects/kaushikfirebasemy-app/locations/-/functions [none]
[debug] [2022-06-14T06:23:51.557Z] <<< [apiv2][status] GET https://cloudfunctions.googleapis.com/v2alpha/projects/kaushikfirebasemy-app/locations/-/functions 200
[debug] [2022-06-14T06:23:51.557Z] <<< [apiv2][body] GET https://cloudfunctions.googleapis.com/v2alpha/projects/kaushikfirebasemy-app/locations/-/functions {}
[debug] [2022-06-14T06:23:51.574Z] >>> [apiv2][query] GET https://firebase.googleapis.com/v1beta1/projects/kaushikfirebasemy-app [none]
[debug] [2022-06-14T06:23:52.059Z] <<< [apiv2][status] GET https://firebase.googleapis.com/v1beta1/projects/kaushikfirebasemy-app 200
[debug] [2022-06-14T06:23:52.059Z] <<< [apiv2][body] GET https://firebase.googleapis.com/v1beta1/projects/kaushikfirebasemy-app {"projectId":"kaushikfirebasemy-app","projectNumber":"113289750110","displayName":"kaushikfirebasemy-app","name":"projects/kaushikfirebasemy-app","resources":{"hostingSite":"kaushikfirebasemy-app","realtimeDatabaseInstance":"kaushikfirebasemy-app-default-rtdb","storageBucket":"kaushikfirebasemy-app.appspot.com","locationId":"australia-southeast1"},"state":"ACTIVE"}
[debug] [2022-06-14T06:23:52.063Z] >>> [apiv2][query] POST https://firebasehosting.googleapis.com/v1beta1/projects/113289750110/sites/kaushikfirebasemy-app/versions [none]
[debug] [2022-06-14T06:23:52.063Z] >>> [apiv2][body] POST https://firebasehosting.googleapis.com/v1beta1/projects/113289750110/sites/kaushikfirebasemy-app/versions {"config":{"rewrites":[{"glob":"**","path":"/index.html"}]},"labels":{"deployment-tool":"cli-firebase"}}
[debug] [2022-06-14T06:23:58.321Z] <<< [apiv2][status] POST https://firebasehosting.googleapis.com/v1beta1/projects/113289750110/sites/kaushikfirebasemy-app/versions 200
[debug] [2022-06-14T06:23:58.322Z] <<< [apiv2][body] POST https://firebasehosting.googleapis.com/v1beta1/projects/113289750110/sites/kaushikfirebasemy-app/versions {"name":"projects/113289750110/sites/kaushikfirebasemy-app/versions/260bc7b7b6289c87","status":"CREATED","config":{"rewrites":[{"glob":"**","path":"/index.html"}]},"labels":{"deployment-tool":"cli-firebase"}}
[debug] [2022-06-14T06:23:58.325Z] >>> [apiv2][query] GET https://firebaseremoteconfig.googleapis.com/v1/projects/113289750110/remoteConfig 
[debug] [2022-06-14T06:23:59.497Z] <<< [apiv2][status] GET https://firebaseremoteconfig.googleapis.com/v1/projects/113289750110/remoteConfig 200
[debug] [2022-06-14T06:23:59.497Z] <<< [apiv2][body] GET https://firebaseremoteconfig.googleapis.com/v1/projects/113289750110/remoteConfig {}
[debug] [2022-06-14T06:23:59.499Z] >>> [apiv2][query] GET https://firebaserules.googleapis.com/v1/projects/kaushikfirebasemy-app/releases pageSize=10&pageToken=
[debug] [2022-06-14T06:24:00.100Z] <<< [apiv2][status] GET https://firebaserules.googleapis.com/v1/projects/kaushikfirebasemy-app/releases 200
[debug] [2022-06-14T06:24:00.100Z] <<< [apiv2][body] GET https://firebaserules.googleapis.com/v1/projects/kaushikfirebasemy-app/releases {"releases":[{"name":"projects/kaushikfirebasemy-app/releases/cloud.firestore","rulesetName":"projects/kaushikfirebasemy-app/rulesets/c755bba7-ef06-44da-b6aa-9a19405ec1c5","createTime":"2022-06-14T06:09:00.557691Z","updateTime":"2022-06-14T06:09:00.557691Z"}]}
[info] i  storage: uploading rules storage.rules... 
[debug] [2022-06-14T06:24:00.102Z] >>> [apiv2][query] POST https://firebaserules.googleapis.com/v1/projects/kaushikfirebasemy-app/rulesets [none]
[debug] [2022-06-14T06:24:00.102Z] >>> [apiv2][body] POST https://firebaserules.googleapis.com/v1/projects/kaushikfirebasemy-app/rulesets [omitted]
[debug] [2022-06-14T06:24:00.818Z] <<< [apiv2][status] POST https://firebaserules.googleapis.com/v1/projects/kaushikfirebasemy-app/rulesets 200
[debug] [2022-06-14T06:24:00.818Z] <<< [apiv2][body] POST https://firebaserules.googleapis.com/v1/projects/kaushikfirebasemy-app/rulesets {"name":"projects/kaushikfirebasemy-app/rulesets/4627f9dd-b9b1-46e2-bf7e-ccc1eadb6bde","source":{"files":[{"content":"rules_version = '2';\nservice firebase.storage {\n  match /b/{bucket}/o {\n    match /{allPaths=**} {\n      allow read, write: if request.auth!=null;\n    }\n  }\n}\n","name":"storage.rules"}]},"createTime":"2022-06-14T06:24:00.593103Z","metadata":{"services":["firebase.storage"]}}
[debug] [2022-06-14T06:24:00.818Z] [rules] created ruleset projects/kaushikfirebasemy-app/rulesets/4627f9dd-b9b1-46e2-bf7e-ccc1eadb6bde
[debug] [2022-06-14T06:24:00.820Z] >>> [apiv2][query] GET https://firebaserules.googleapis.com/v1/projects/kaushikfirebasemy-app/releases pageSize=10&pageToken=
[debug] [2022-06-14T06:24:00.826Z] >>> [apiv2][query] GET https://firestore.googleapis.com/v1/projects/kaushikfirebasemy-app/databases/(default)/collectionGroups/-/indexes [none]
[debug] [2022-06-14T06:24:01.246Z] <<< [apiv2][status] GET https://firestore.googleapis.com/v1/projects/kaushikfirebasemy-app/databases/(default)/collectionGroups/-/indexes 200
[debug] [2022-06-14T06:24:01.246Z] <<< [apiv2][body] GET https://firestore.googleapis.com/v1/projects/kaushikfirebasemy-app/databases/(default)/collectionGroups/-/indexes {}
[debug] [2022-06-14T06:24:01.246Z] >>> [apiv2][query] GET https://firestore.googleapis.com/v1/projects/kaushikfirebasemy-app/databases/(default)/collectionGroups/-/fields?filter=indexConfig.usesAncestorConfig=false [none]
[debug] [2022-06-14T06:24:01.590Z] <<< [apiv2][status] GET https://firestore.googleapis.com/v1/projects/kaushikfirebasemy-app/databases/(default)/collectionGroups/-/fields?filter=indexConfig.usesAncestorConfig=false 200
[debug] [2022-06-14T06:24:01.591Z] <<< [apiv2][body] GET https://firestore.googleapis.com/v1/projects/kaushikfirebasemy-app/databases/(default)/collectionGroups/-/fields?filter=indexConfig.usesAncestorConfig=false {"fields":[{"name":"projects/kaushikfirebasemy-app/databases/(default)/collectionGroups/__default__/fields/*","indexConfig":{"indexes":[{"queryScope":"COLLECTION","fields":[{"fieldPath":"*","order":"ASCENDING"}],"state":"READY"},{"queryScope":"COLLECTION","fields":[{"fieldPath":"*","order":"DESCENDING"}],"state":"READY"},{"queryScope":"COLLECTION","fields":[{"fieldPath":"*","arrayConfig":"CONTAINS"}],"state":"READY"}]}}]}
[info] ✔  firestore: deployed indexes in firestore.indexes.json successfully 
[debug] [2022-06-14T06:24:02.467Z] <<< [apiv2][status] GET https://firebaserules.googleapis.com/v1/projects/kaushikfirebasemy-app/releases 200
[debug] [2022-06-14T06:24:02.468Z] <<< [apiv2][body] GET https://firebaserules.googleapis.com/v1/projects/kaushikfirebasemy-app/releases {"releases":[{"name":"projects/kaushikfirebasemy-app/releases/cloud.firestore","rulesetName":"projects/kaushikfirebasemy-app/rulesets/c755bba7-ef06-44da-b6aa-9a19405ec1c5","createTime":"2022-06-14T06:09:00.557691Z","updateTime":"2022-06-14T06:09:00.557691Z"}]}
[debug] [2022-06-14T06:24:02.468Z] >>> [apiv2][query] GET https://firebaserules.googleapis.com/v1/projects/kaushikfirebasemy-app/rulesets/c755bba7-ef06-44da-b6aa-9a19405ec1c5 [none]
[debug] [2022-06-14T06:24:02.986Z] <<< [apiv2][status] GET https://firebaserules.googleapis.com/v1/projects/kaushikfirebasemy-app/rulesets/c755bba7-ef06-44da-b6aa-9a19405ec1c5 200
[debug] [2022-06-14T06:24:02.987Z] <<< [apiv2][body] GET https://firebaserules.googleapis.com/v1/projects/kaushikfirebasemy-app/rulesets/c755bba7-ef06-44da-b6aa-9a19405ec1c5 [omitted]
[info] i  firestore: latest version of firestore.rules already up to date, skipping upload... 
[debug] [2022-06-14T06:24:02.989Z] [functions] found 1 new HTTP functions, testing setIamPolicy permission...
[debug] [2022-06-14T06:24:02.989Z] >>> [apiv2][query] POST https://cloudresourcemanager.googleapis.com/v1/projects/kaushikfirebasemy-app:testIamPermissions [none]
[debug] [2022-06-14T06:24:02.989Z] >>> [apiv2][body] POST https://cloudresourcemanager.googleapis.com/v1/projects/kaushikfirebasemy-app:testIamPermissions {"permissions":["cloudfunctions.functions.setIamPolicy"]}
[debug] [2022-06-14T06:24:03.981Z] <<< [apiv2][status] POST https://cloudresourcemanager.googleapis.com/v1/projects/kaushikfirebasemy-app:testIamPermissions 200
[debug] [2022-06-14T06:24:03.981Z] <<< [apiv2][body] POST https://cloudresourcemanager.googleapis.com/v1/projects/kaushikfirebasemy-app:testIamPermissions {"permissions":["cloudfunctions.functions.setIamPolicy"]}
[debug] [2022-06-14T06:24:03.981Z] [functions] found setIamPolicy permission, proceeding with deploy
[debug] [2022-06-14T06:24:03.982Z] >>> [apiv2][query] POST https://cloudfunctions.googleapis.com/v1/projects/kaushikfirebasemy-app/locations/us-central1/functions:generateUploadUrl [none]
[debug] [2022-06-14T06:24:03.982Z] >>> [apiv2][body] POST https://cloudfunctions.googleapis.com/v1/projects/kaushikfirebasemy-app/locations/us-central1/functions:generateUploadUrl {}
[debug] [2022-06-14T06:24:13.213Z] <<< [apiv2][status] POST https://cloudfunctions.googleapis.com/v1/projects/kaushikfirebasemy-app/locations/us-central1/functions:generateUploadUrl 200
[debug] [2022-06-14T06:24:13.214Z] <<< [apiv2][body] POST https://cloudfunctions.googleapis.com/v1/projects/kaushikfirebasemy-app/locations/us-central1/functions:generateUploadUrl {"uploadUrl":"https://storage.googleapis.com/uploads-23147665976.us-central1.cloudfunctions.appspot.com/dac1dde9-7fd9-4422-b40e-a32bc14a4828.zip?GoogleAccessId=service-113289750110@gcf-admin-robot.iam.gserviceaccount.com&Expires=1655189652&Signature=Jdg1FOtnKkI6sMYJfeaWCVH0mBihUJLs2Aix4eAVWMN8KuZpnkvOCyCKE1ida7zWIXTRW7GPGTfby9JDGCj70LdqXkV6AtcpLHS7zSxJQMXelgmJ548uLlLCm%2B7Di7MyLYhNW5NbGNTXiALkbu188QmDj8i4lNOpz1EP%2BvKq7%2FNYvJcX%2FqdcYxNeDuJW04OJDQz3V3HNjx4ye%2BY2q4%2BrXiFimy9qu1HPJUG5FPBM7P%2BLFgmGzMksmEHCriCxILdNkHZ8FxCGT%2FEb5eHFNCiBqeqQb15Wxd%2Bu4FtdpRIQE9wRz5Xv5keVkpOSg6qoQ35M%2BLJeT4DPpVxdp8dY2NYPZw%3D%3D"}
[debug] [2022-06-14T06:24:13.219Z] >>> [apiv2][query] PUT https://storage.googleapis.com/uploads-23147665976.us-central1.cloudfunctions.appspot.com/dac1dde9-7fd9-4422-b40e-a32bc14a4828.zip GoogleAccessId=service-113289750110%40gcf-admin-robot.iam.gserviceaccount.com&Expires=1655189652&Signature=Jdg1FOtnKkI6sMYJfeaWCVH0mBihUJLs2Aix4eAVWMN8KuZpnkvOCyCKE1ida7zWIXTRW7GPGTfby9JDGCj70LdqXkV6AtcpLHS7zSxJQMXelgmJ548uLlLCm%2B7Di7MyLYhNW5NbGNTXiALkbu188QmDj8i4lNOpz1EP%2BvKq7%2FNYvJcX%2FqdcYxNeDuJW04OJDQz3V3HNjx4ye%2BY2q4%2BrXiFimy9qu1HPJUG5FPBM7P%2BLFgmGzMksmEHCriCxILdNkHZ8FxCGT%2FEb5eHFNCiBqeqQb15Wxd%2Bu4FtdpRIQE9wRz5Xv5keVkpOSg6qoQ35M%2BLJeT4DPpVxdp8dY2NYPZw%3D%3D
[debug] [2022-06-14T06:24:13.219Z] >>> [apiv2][body] PUT https://storage.googleapis.com/uploads-23147665976.us-central1.cloudfunctions.appspot.com/dac1dde9-7fd9-4422-b40e-a32bc14a4828.zip [stream]
[debug] [2022-06-14T06:24:14.026Z] <<< [apiv2][status] PUT https://storage.googleapis.com/uploads-23147665976.us-central1.cloudfunctions.appspot.com/dac1dde9-7fd9-4422-b40e-a32bc14a4828.zip 200
[debug] [2022-06-14T06:24:14.026Z] <<< [apiv2][body] PUT https://storage.googleapis.com/uploads-23147665976.us-central1.cloudfunctions.appspot.com/dac1dde9-7fd9-4422-b40e-a32bc14a4828.zip [omitted]
[info] ✔  functions: functions folder uploaded successfully 
[info] i  hosting[kaushikfirebasemy-app]: beginning deploy... 
[info] i  hosting[kaushikfirebasemy-app]: found 6 files in public 
[debug] [2022-06-14T06:24:14.032Z] [hosting] uploading with 200 concurrency
[debug] [2022-06-14T06:24:14.036Z] [hosting] hash cache [cHVibGlj] not populated
[debug] [2022-06-14T06:24:14.047Z] [hosting] hash cache [cHVibGlj] stored for 6 files
[debug] [2022-06-14T06:24:14.047Z] [hosting][hash queue][FINAL] {"max":7,"min":2,"avg":3.3333333333333335,"active":0,"complete":6,"success":6,"errored":0,"retried":0,"total":6,"elapsed":10}
[debug] [2022-06-14T06:24:14.047Z] >>> [apiv2][query] POST https://firebasehosting.googleapis.com/v1beta1/projects/113289750110/sites/kaushikfirebasemy-app/versions/260bc7b7b6289c87:populateFiles [none]
[debug] [2022-06-14T06:24:14.047Z] >>> [apiv2][body] POST https://firebasehosting.googleapis.com/v1beta1/projects/113289750110/sites/kaushikfirebasemy-app/versions/260bc7b7b6289c87:populateFiles {"files":{"/manifest.json":"341d52628782f8ac9290bbfc43298afccb47b7cbfcee146ae30cf0f46bc30900","/index.html":"abb5524b04fc5bb93ff087cd3ab7fdcbd7bd621a5226ce5b14226aa3a401d15e","/robots.txt":"391d14b3c2f8c9143a27a28c7399585142228d4d1bdbe2c87ac946de411fa9a2","/favicon.ico":"b72f7455f00e4e58792d2bca892abb068e2213838c0316d6b7a0d6d16acd1955","/logo192.png":"caff018b7f1e8fd481eb1c50d75b0ef236bcd5078b1d15c8bb348453fee30293","/logo512.png":"191fc21360b4ccfb1cda11a1efb97f489ed22672ca83f4064316802bbfdd750e"}}
[debug] [2022-06-14T06:24:15.459Z] <<< [apiv2][status] POST https://firebasehosting.googleapis.com/v1beta1/projects/113289750110/sites/kaushikfirebasemy-app/versions/260bc7b7b6289c87:populateFiles 200
[debug] [2022-06-14T06:24:15.459Z] <<< [apiv2][body] POST https://firebasehosting.googleapis.com/v1beta1/projects/113289750110/sites/kaushikfirebasemy-app/versions/260bc7b7b6289c87:populateFiles {"uploadRequiredHashes":["caff018b7f1e8fd481eb1c50d75b0ef236bcd5078b1d15c8bb348453fee30293","191fc21360b4ccfb1cda11a1efb97f489ed22672ca83f4064316802bbfdd750e","341d52628782f8ac9290bbfc43298afccb47b7cbfcee146ae30cf0f46bc30900","abb5524b04fc5bb93ff087cd3ab7fdcbd7bd621a5226ce5b14226aa3a401d15e","391d14b3c2f8c9143a27a28c7399585142228d4d1bdbe2c87ac946de411fa9a2","b72f7455f00e4e58792d2bca892abb068e2213838c0316d6b7a0d6d16acd1955"],"uploadUrl":"https://upload-firebasehosting.googleapis.com/upload/sites/kaushikfirebasemy-app/versions/260bc7b7b6289c87/files"}
[debug] [2022-06-14T06:24:15.461Z] >>> [apiv2][query] POST https://upload-firebasehosting.googleapis.com/upload/sites/kaushikfirebasemy-app/versions/260bc7b7b6289c87/files/caff018b7f1e8fd481eb1c50d75b0ef236bcd5078b1d15c8bb348453fee30293 [none]
[debug] [2022-06-14T06:24:15.461Z] >>> [apiv2][body] POST https://upload-firebasehosting.googleapis.com/upload/sites/kaushikfirebasemy-app/versions/260bc7b7b6289c87/files/caff018b7f1e8fd481eb1c50d75b0ef236bcd5078b1d15c8bb348453fee30293 [stream]
[debug] [2022-06-14T06:24:15.462Z] >>> [apiv2][query] POST https://upload-firebasehosting.googleapis.com/upload/sites/kaushikfirebasemy-app/versions/260bc7b7b6289c87/files/191fc21360b4ccfb1cda11a1efb97f489ed22672ca83f4064316802bbfdd750e [none]
[debug] [2022-06-14T06:24:15.462Z] >>> [apiv2][body] POST https://upload-firebasehosting.googleapis.com/upload/sites/kaushikfirebasemy-app/versions/260bc7b7b6289c87/files/191fc21360b4ccfb1cda11a1efb97f489ed22672ca83f4064316802bbfdd750e [stream]
[debug] [2022-06-14T06:24:15.462Z] >>> [apiv2][query] POST https://upload-firebasehosting.googleapis.com/upload/sites/kaushikfirebasemy-app/versions/260bc7b7b6289c87/files/341d52628782f8ac9290bbfc43298afccb47b7cbfcee146ae30cf0f46bc30900 [none]
[debug] [2022-06-14T06:24:15.462Z] >>> [apiv2][body] POST https://upload-firebasehosting.googleapis.com/upload/sites/kaushikfirebasemy-app/versions/260bc7b7b6289c87/files/341d52628782f8ac9290bbfc43298afccb47b7cbfcee146ae30cf0f46bc30900 [stream]
[debug] [2022-06-14T06:24:15.463Z] >>> [apiv2][query] POST https://upload-firebasehosting.googleapis.com/upload/sites/kaushikfirebasemy-app/versions/260bc7b7b6289c87/files/abb5524b04fc5bb93ff087cd3ab7fdcbd7bd621a5226ce5b14226aa3a401d15e [none]
[debug] [2022-06-14T06:24:15.463Z] >>> [apiv2][body] POST https://upload-firebasehosting.googleapis.com/upload/sites/kaushikfirebasemy-app/versions/260bc7b7b6289c87/files/abb5524b04fc5bb93ff087cd3ab7fdcbd7bd621a5226ce5b14226aa3a401d15e [stream]
[debug] [2022-06-14T06:24:15.465Z] >>> [apiv2][query] POST https://upload-firebasehosting.googleapis.com/upload/sites/kaushikfirebasemy-app/versions/260bc7b7b6289c87/files/391d14b3c2f8c9143a27a28c7399585142228d4d1bdbe2c87ac946de411fa9a2 [none]
[debug] [2022-06-14T06:24:15.465Z] >>> [apiv2][body] POST https://upload-firebasehosting.googleapis.com/upload/sites/kaushikfirebasemy-app/versions/260bc7b7b6289c87/files/391d14b3c2f8c9143a27a28c7399585142228d4d1bdbe2c87ac946de411fa9a2 [stream]
[debug] [2022-06-14T06:24:15.466Z] >>> [apiv2][query] POST https://upload-firebasehosting.googleapis.com/upload/sites/kaushikfirebasemy-app/versions/260bc7b7b6289c87/files/b72f7455f00e4e58792d2bca892abb068e2213838c0316d6b7a0d6d16acd1955 [none]
[debug] [2022-06-14T06:24:15.466Z] >>> [apiv2][body] POST https://upload-firebasehosting.googleapis.com/upload/sites/kaushikfirebasemy-app/versions/260bc7b7b6289c87/files/b72f7455f00e4e58792d2bca892abb068e2213838c0316d6b7a0d6d16acd1955 [stream]
[debug] [2022-06-14T06:24:15.466Z] [hosting][populate queue][FINAL] {"max":1415,"min":1415,"avg":1415,"active":0,"complete":1,"success":1,"errored":0,"retried":0,"total":1,"elapsed":1420}
[debug] [2022-06-14T06:24:15.466Z] [hosting] uploads queued: 6
[debug] [2022-06-14T06:24:17.150Z] <<< [apiv2][status] POST https://upload-firebasehosting.googleapis.com/upload/sites/kaushikfirebasemy-app/versions/260bc7b7b6289c87/files/341d52628782f8ac9290bbfc43298afccb47b7cbfcee146ae30cf0f46bc30900 200
[debug] [2022-06-14T06:24:17.150Z] <<< [apiv2][body] POST https://upload-firebasehosting.googleapis.com/upload/sites/kaushikfirebasemy-app/versions/260bc7b7b6289c87/files/341d52628782f8ac9290bbfc43298afccb47b7cbfcee146ae30cf0f46bc30900 [stream]
[debug] [2022-06-14T06:24:17.150Z] <<< [apiv2][status] POST https://upload-firebasehosting.googleapis.com/upload/sites/kaushikfirebasemy-app/versions/260bc7b7b6289c87/files/caff018b7f1e8fd481eb1c50d75b0ef236bcd5078b1d15c8bb348453fee30293 200
[debug] [2022-06-14T06:24:17.150Z] <<< [apiv2][body] POST https://upload-firebasehosting.googleapis.com/upload/sites/kaushikfirebasemy-app/versions/260bc7b7b6289c87/files/caff018b7f1e8fd481eb1c50d75b0ef236bcd5078b1d15c8bb348453fee30293 [stream]
[debug] [2022-06-14T06:24:17.151Z] <<< [apiv2][status] POST https://upload-firebasehosting.googleapis.com/upload/sites/kaushikfirebasemy-app/versions/260bc7b7b6289c87/files/391d14b3c2f8c9143a27a28c7399585142228d4d1bdbe2c87ac946de411fa9a2 200
[debug] [2022-06-14T06:24:17.151Z] <<< [apiv2][body] POST https://upload-firebasehosting.googleapis.com/upload/sites/kaushikfirebasemy-app/versions/260bc7b7b6289c87/files/391d14b3c2f8c9143a27a28c7399585142228d4d1bdbe2c87ac946de411fa9a2 [stream]
[debug] [2022-06-14T06:24:17.151Z] <<< [apiv2][status] POST https://upload-firebasehosting.googleapis.com/upload/sites/kaushikfirebasemy-app/versions/260bc7b7b6289c87/files/abb5524b04fc5bb93ff087cd3ab7fdcbd7bd621a5226ce5b14226aa3a401d15e 200
[debug] [2022-06-14T06:24:17.151Z] <<< [apiv2][body] POST https://upload-firebasehosting.googleapis.com/upload/sites/kaushikfirebasemy-app/versions/260bc7b7b6289c87/files/abb5524b04fc5bb93ff087cd3ab7fdcbd7bd621a5226ce5b14226aa3a401d15e [stream]
[debug] [2022-06-14T06:24:17.206Z] <<< [apiv2][status] POST https://upload-firebasehosting.googleapis.com/upload/sites/kaushikfirebasemy-app/versions/260bc7b7b6289c87/files/191fc21360b4ccfb1cda11a1efb97f489ed22672ca83f4064316802bbfdd750e 200
[debug] [2022-06-14T06:24:17.206Z] <<< [apiv2][body] POST https://upload-firebasehosting.googleapis.com/upload/sites/kaushikfirebasemy-app/versions/260bc7b7b6289c87/files/191fc21360b4ccfb1cda11a1efb97f489ed22672ca83f4064316802bbfdd750e [stream]
[debug] [2022-06-14T06:24:17.541Z] <<< [apiv2][status] POST https://upload-firebasehosting.googleapis.com/upload/sites/kaushikfirebasemy-app/versions/260bc7b7b6289c87/files/b72f7455f00e4e58792d2bca892abb068e2213838c0316d6b7a0d6d16acd1955 200
[debug] [2022-06-14T06:24:17.541Z] <<< [apiv2][body] POST https://upload-firebasehosting.googleapis.com/upload/sites/kaushikfirebasemy-app/versions/260bc7b7b6289c87/files/b72f7455f00e4e58792d2bca892abb068e2213838c0316d6b7a0d6d16acd1955 [stream]
[debug] [2022-06-14T06:24:17.541Z] [hosting][upload queue][FINAL] {"max":2080,"min":1690,"avg":1764.6666666666667,"active":0,"complete":6,"success":6,"errored":0,"retried":0,"total":6,"elapsed":2082}
[info] ✔  hosting[kaushikfirebasemy-app]: file upload complete 
[debug] [2022-06-14T06:24:17.542Z] [hosting] deploy completed after 3515ms
[info] i  database: releasing rules... 
[debug] [2022-06-14T06:24:17.544Z] >>> [apiv2][query] GET https://firebasedatabase.googleapis.com/v1beta/projects/kaushikfirebasemy-app/locations/-/instances/kaushikfirebasemy-app-default-rtdb [none]
[debug] [2022-06-14T06:24:18.310Z] <<< [apiv2][status] GET https://firebasedatabase.googleapis.com/v1beta/projects/kaushikfirebasemy-app/locations/-/instances/kaushikfirebasemy-app-default-rtdb 200
[debug] [2022-06-14T06:24:18.310Z] <<< [apiv2][body] GET https://firebasedatabase.googleapis.com/v1beta/projects/kaushikfirebasemy-app/locations/-/instances/kaushikfirebasemy-app-default-rtdb {"name":"projects/113289750110/locations/asia-southeast1/instances/kaushikfirebasemy-app-default-rtdb","project":"projects/113289750110","databaseUrl":"https://kaushikfirebasemy-app-default-rtdb.asia-southeast1.firebasedatabase.app","type":"DEFAULT_DATABASE","state":"ACTIVE"}
[debug] [2022-06-14T06:24:18.312Z] >>> [apiv2][query] PUT https://kaushikfirebasemy-app-default-rtdb.asia-southeast1.firebasedatabase.app/.settings/rules.json 
[debug] [2022-06-14T06:24:18.312Z] >>> [apiv2][body] PUT https://kaushikfirebasemy-app-default-rtdb.asia-southeast1.firebasedatabase.app/.settings/rules.json "{\n  /* Visit https://firebase.google.com/docs/database/security to learn more about security rules. */\n  \"rules\": {\n    \".read\": false,\n    \".write\": false\n  }\n}"
[debug] [2022-06-14T06:24:18.919Z] <<< [apiv2][status] PUT https://kaushikfirebasemy-app-default-rtdb.asia-southeast1.firebasedatabase.app/.settings/rules.json 200
[debug] [2022-06-14T06:24:18.919Z] <<< [apiv2][body] PUT https://kaushikfirebasemy-app-default-rtdb.asia-southeast1.firebasedatabase.app/.settings/rules.json {"status":"ok"}
[info] ✔  database: rules for database kaushikfirebasemy-app-default-rtdb released successfully 
[debug] [2022-06-14T06:24:18.920Z] [rules] releasing firebase.storage/kaushikfirebasemy-app.appspot.com with ruleset projects/kaushikfirebasemy-app/rulesets/4627f9dd-b9b1-46e2-bf7e-ccc1eadb6bde
[debug] [2022-06-14T06:24:18.920Z] >>> [apiv2][query] PATCH https://firebaserules.googleapis.com/v1/projects/kaushikfirebasemy-app/releases/firebase.storage/kaushikfirebasemy-app.appspot.com [none]
[debug] [2022-06-14T06:24:18.920Z] >>> [apiv2][body] PATCH https://firebaserules.googleapis.com/v1/projects/kaushikfirebasemy-app/releases/firebase.storage/kaushikfirebasemy-app.appspot.com {"release":{"name":"projects/kaushikfirebasemy-app/releases/firebase.storage/kaushikfirebasemy-app.appspot.com","rulesetName":"projects/kaushikfirebasemy-app/rulesets/4627f9dd-b9b1-46e2-bf7e-ccc1eadb6bde"}}
[debug] [2022-06-14T06:24:19.417Z] <<< [apiv2][status] PATCH https://firebaserules.googleapis.com/v1/projects/kaushikfirebasemy-app/releases/firebase.storage/kaushikfirebasemy-app.appspot.com 404
[debug] [2022-06-14T06:24:19.417Z] <<< [apiv2][body] PATCH https://firebaserules.googleapis.com/v1/projects/kaushikfirebasemy-app/releases/firebase.storage/kaushikfirebasemy-app.appspot.com {"error":{"code":404,"message":"Requested entity was not found.","status":"NOT_FOUND"}}
[debug] [2022-06-14T06:24:19.418Z] [rules] ruleset update failed, attempting to create instead
[debug] [2022-06-14T06:24:19.419Z] >>> [apiv2][query] POST https://firebaserules.googleapis.com/v1/projects/kaushikfirebasemy-app/releases [none]
[debug] [2022-06-14T06:24:19.419Z] >>> [apiv2][body] POST https://firebaserules.googleapis.com/v1/projects/kaushikfirebasemy-app/releases {"name":"projects/kaushikfirebasemy-app/releases/firebase.storage/kaushikfirebasemy-app.appspot.com","rulesetName":"projects/kaushikfirebasemy-app/rulesets/4627f9dd-b9b1-46e2-bf7e-ccc1eadb6bde"}
[debug] [2022-06-14T06:24:19.923Z] <<< [apiv2][status] POST https://firebaserules.googleapis.com/v1/projects/kaushikfirebasemy-app/releases 200
[debug] [2022-06-14T06:24:19.923Z] <<< [apiv2][body] POST https://firebaserules.googleapis.com/v1/projects/kaushikfirebasemy-app/releases {"name":"projects/kaushikfirebasemy-app/releases/firebase.storage/kaushikfirebasemy-app.appspot.com","rulesetName":"projects/kaushikfirebasemy-app/rulesets/4627f9dd-b9b1-46e2-bf7e-ccc1eadb6bde","createTime":"2022-06-14T06:24:19.767784Z","updateTime":"2022-06-14T06:24:19.767784Z"}
[debug] [2022-06-14T06:24:19.924Z] [rules] created release projects/kaushikfirebasemy-app/releases/firebase.storage/kaushikfirebasemy-app.appspot.com
[info] ✔  storage: released rules storage.rules to firebase.storage 
[debug] [2022-06-14T06:24:19.924Z] [rules] releasing cloud.firestore with ruleset projects/kaushikfirebasemy-app/rulesets/c755bba7-ef06-44da-b6aa-9a19405ec1c5
[debug] [2022-06-14T06:24:19.924Z] >>> [apiv2][query] PATCH https://firebaserules.googleapis.com/v1/projects/kaushikfirebasemy-app/releases/cloud.firestore [none]
[debug] [2022-06-14T06:24:19.924Z] >>> [apiv2][body] PATCH https://firebaserules.googleapis.com/v1/projects/kaushikfirebasemy-app/releases/cloud.firestore {"release":{"name":"projects/kaushikfirebasemy-app/releases/cloud.firestore","rulesetName":"projects/kaushikfirebasemy-app/rulesets/c755bba7-ef06-44da-b6aa-9a19405ec1c5"}}
[debug] [2022-06-14T06:24:21.388Z] <<< [apiv2][status] PATCH https://firebaserules.googleapis.com/v1/projects/kaushikfirebasemy-app/releases/cloud.firestore 200
[debug] [2022-06-14T06:24:21.389Z] <<< [apiv2][body] PATCH https://firebaserules.googleapis.com/v1/projects/kaushikfirebasemy-app/releases/cloud.firestore {"name":"projects/kaushikfirebasemy-app/releases/cloud.firestore","rulesetName":"projects/kaushikfirebasemy-app/rulesets/c755bba7-ef06-44da-b6aa-9a19405ec1c5","createTime":"2022-06-14T06:09:00.557691Z","updateTime":"2022-06-14T06:24:21.236142Z"}
[debug] [2022-06-14T06:24:21.389Z] [rules] updated release projects/kaushikfirebasemy-app/releases/cloud.firestore
[info] ✔  firestore: released rules firestore.rules to cloud.firestore 
[info] i  functions: creating Node.js 16 function helloWorld(us-central1)... 
[debug] [2022-06-14T06:24:21.394Z] >>> [apiv2][query] POST https://cloudfunctions.googleapis.com/v1/projects/kaushikfirebasemy-app/locations/us-central1/functions [none]
[debug] [2022-06-14T06:24:21.394Z] >>> [apiv2][body] POST https://cloudfunctions.googleapis.com/v1/projects/kaushikfirebasemy-app/locations/us-central1/functions {"name":"projects/kaushikfirebasemy-app/locations/us-central1/functions/helloWorld","sourceUploadUrl":"https://storage.googleapis.com/uploads-23147665976.us-central1.cloudfunctions.appspot.com/dac1dde9-7fd9-4422-b40e-a32bc14a4828.zip?GoogleAccessId=service-113289750110@gcf-admin-robot.iam.gserviceaccount.com&Expires=1655189652&Signature=Jdg1FOtnKkI6sMYJfeaWCVH0mBihUJLs2Aix4eAVWMN8KuZpnkvOCyCKE1ida7zWIXTRW7GPGTfby9JDGCj70LdqXkV6AtcpLHS7zSxJQMXelgmJ548uLlLCm%2B7Di7MyLYhNW5NbGNTXiALkbu188QmDj8i4lNOpz1EP%2BvKq7%2FNYvJcX%2FqdcYxNeDuJW04OJDQz3V3HNjx4ye%2BY2q4%2BrXiFimy9qu1HPJUG5FPBM7P%2BLFgmGzMksmEHCriCxILdNkHZ8FxCGT%2FEb5eHFNCiBqeqQb15Wxd%2Bu4FtdpRIQE9wRz5Xv5keVkpOSg6qoQ35M%2BLJeT4DPpVxdp8dY2NYPZw%3D%3D","entryPoint":"helloWorld","runtime":"nodejs16","labels":{"deployment-tool":"cli-firebase"},"httpsTrigger":{"securityLevel":"SECURE_ALWAYS"},"environmentVariables":{"FIREBASE_CONFIG":"{\"projectId\":\"kaushikfirebasemy-app\",\"databaseURL\":\"https://kaushikfirebasemy-app-default-rtdb.asia-southeast1.firebasedatabase.app\",\"storageBucket\":\"kaushikfirebasemy-app.appspot.com\",\"locationId\":\"australia-southeast1\"}","GCLOUD_PROJECT":"kaushikfirebasemy-app"}}
[debug] [2022-06-14T06:24:22.423Z] <<< [apiv2][status] POST https://cloudfunctions.googleapis.com/v1/projects/kaushikfirebasemy-app/locations/us-central1/functions 200
[debug] [2022-06-14T06:24:22.424Z] <<< [apiv2][body] POST https://cloudfunctions.googleapis.com/v1/projects/kaushikfirebasemy-app/locations/us-central1/functions {"name":"operations/a2F1c2hpa2ZpcmViYXNlbXktYXBwL3VzLWNlbnRyYWwxL2hlbGxvV29ybGQvQ2dTUkozOUpoSm8","metadata":{"@type":"type.googleapis.com/google.cloud.functions.v1.OperationMetadataV1","target":"projects/kaushikfirebasemy-app/locations/us-central1/functions/helloWorld","type":"CREATE_FUNCTION","request":{"@type":"type.googleapis.com/google.cloud.functions.v1.CloudFunction","name":"projects/kaushikfirebasemy-app/locations/us-central1/functions/helloWorld","httpsTrigger":{"securityLevel":"SECURE_ALWAYS"},"entryPoint":"helloWorld","labels":{"deployment-tool":"cli-firebase"},"sourceUploadUrl":"https://storage.googleapis.com/uploads-23147665976.us-central1.cloudfunctions.appspot.com/dac1dde9-7fd9-4422-b40e-a32bc14a4828.zip?GoogleAccessId=service-113289750110@gcf-admin-robot.iam.gserviceaccount.com&Expires=1655189652&Signature=Jdg1FOtnKkI6sMYJfeaWCVH0mBihUJLs2Aix4eAVWMN8KuZpnkvOCyCKE1ida7zWIXTRW7GPGTfby9JDGCj70LdqXkV6AtcpLHS7zSxJQMXelgmJ548uLlLCm%2B7Di7MyLYhNW5NbGNTXiALkbu188QmDj8i4lNOpz1EP%2BvKq7%2FNYvJcX%2FqdcYxNeDuJW04OJDQz3V3HNjx4ye%2BY2q4%2BrXiFimy9qu1HPJUG5FPBM7P%2BLFgmGzMksmEHCriCxILdNkHZ8FxCGT%2FEb5eHFNCiBqeqQb15Wxd%2Bu4FtdpRIQE9wRz5Xv5keVkpOSg6qoQ35M%2BLJeT4DPpVxdp8dY2NYPZw%3D%3D","environmentVariables":{"FIREBASE_CONFIG":"{\"projectId\":\"kaushikfirebasemy-app\",\"databaseURL\":\"https://kaushikfirebasemy-app-default-rtdb.asia-southeast1.firebasedatabase.app\",\"storageBucket\":\"kaushikfirebasemy-app.appspot.com\",\"locationId\":\"australia-southeast1\"}","GCLOUD_PROJECT":"kaushikfirebasemy-app"},"runtime":"nodejs16"},"versionId":"1","updateTime":"2022-06-14T06:24:22Z"}}
[debug] [2022-06-14T06:24:22.424Z] >>> [apiv2][query] GET https://cloudfunctions.googleapis.com/v1/operations/a2F1c2hpa2ZpcmViYXNlbXktYXBwL3VzLWNlbnRyYWwxL2hlbGxvV29ybGQvQ2dTUkozOUpoSm8 [none]
[debug] [2022-06-14T06:24:22.932Z] <<< [apiv2][status] GET https://cloudfunctions.googleapis.com/v1/operations/a2F1c2hpa2ZpcmViYXNlbXktYXBwL3VzLWNlbnRyYWwxL2hlbGxvV29ybGQvQ2dTUkozOUpoSm8 200
[debug] [2022-06-14T06:24:22.933Z] <<< [apiv2][body] GET https://cloudfunctions.googleapis.com/v1/operations/a2F1c2hpa2ZpcmViYXNlbXktYXBwL3VzLWNlbnRyYWwxL2hlbGxvV29ybGQvQ2dTUkozOUpoSm8 {"name":"operations/a2F1c2hpa2ZpcmViYXNlbXktYXBwL3VzLWNlbnRyYWwxL2hlbGxvV29ybGQvQ2dTUkozOUpoSm8","metadata":{"@type":"type.googleapis.com/google.cloud.functions.v1.OperationMetadataV1","target":"projects/kaushikfirebasemy-app/locations/us-central1/functions/helloWorld","type":"CREATE_FUNCTION","request":{"@type":"type.googleapis.com/google.cloud.functions.v1.CloudFunction","name":"projects/kaushikfirebasemy-app/locations/us-central1/functions/helloWorld","httpsTrigger":{"securityLevel":"SECURE_ALWAYS"},"entryPoint":"helloWorld","labels":{"deployment-tool":"cli-firebase"},"sourceUploadUrl":"https://storage.googleapis.com/uploads-23147665976.us-central1.cloudfunctions.appspot.com/dac1dde9-7fd9-4422-b40e-a32bc14a4828.zip?GoogleAccessId=service-113289750110@gcf-admin-robot.iam.gserviceaccount.com&Expires=1655189652&Signature=Jdg1FOtnKkI6sMYJfeaWCVH0mBihUJLs2Aix4eAVWMN8KuZpnkvOCyCKE1ida7zWIXTRW7GPGTfby9JDGCj70LdqXkV6AtcpLHS7zSxJQMXelgmJ548uLlLCm%2B7Di7MyLYhNW5NbGNTXiALkbu188QmDj8i4lNOpz1EP%2BvKq7%2FNYvJcX%2FqdcYxNeDuJW04OJDQz3V3HNjx4ye%2BY2q4%2BrXiFimy9qu1HPJUG5FPBM7P%2BLFgmGzMksmEHCriCxILdNkHZ8FxCGT%2FEb5eHFNCiBqeqQb15Wxd%2Bu4FtdpRIQE9wRz5Xv5keVkpOSg6qoQ35M%2BLJeT4DPpVxdp8dY2NYPZw%3D%3D","environmentVariables":{"FIREBASE_CONFIG":"{\"projectId\":\"kaushikfirebasemy-app\",\"databaseURL\":\"https://kaushikfirebasemy-app-default-rtdb.asia-southeast1.firebasedatabase.app\",\"storageBucket\":\"kaushikfirebasemy-app.appspot.com\",\"locationId\":\"australia-southeast1\"}","GCLOUD_PROJECT":"kaushikfirebasemy-app"},"runtime":"nodejs16"},"versionId":"1","updateTime":"2022-06-14T06:24:22Z"}}
[debug] [2022-06-14T06:24:23.434Z] [create-default-us-central1-helloWorld] Retrying task index 0
[debug] [2022-06-14T06:24:23.435Z] >>> [apiv2][query] GET https://cloudfunctions.googleapis.com/v1/operations/a2F1c2hpa2ZpcmViYXNlbXktYXBwL3VzLWNlbnRyYWwxL2hlbGxvV29ybGQvQ2dTUkozOUpoSm8 [none]
[debug] [2022-06-14T06:24:23.957Z] <<< [apiv2][status] GET https://cloudfunctions.googleapis.com/v1/operations/a2F1c2hpa2ZpcmViYXNlbXktYXBwL3VzLWNlbnRyYWwxL2hlbGxvV29ybGQvQ2dTUkozOUpoSm8 200
[debug] [2022-06-14T06:24:23.957Z] <<< [apiv2][body] GET https://cloudfunctions.googleapis.com/v1/operations/a2F1c2hpa2ZpcmViYXNlbXktYXBwL3VzLWNlbnRyYWwxL2hlbGxvV29ybGQvQ2dTUkozOUpoSm8 {"name":"operations/a2F1c2hpa2ZpcmViYXNlbXktYXBwL3VzLWNlbnRyYWwxL2hlbGxvV29ybGQvQ2dTUkozOUpoSm8","metadata":{"@type":"type.googleapis.com/google.cloud.functions.v1.OperationMetadataV1","target":"projects/kaushikfirebasemy-app/locations/us-central1/functions/helloWorld","type":"CREATE_FUNCTION","request":{"@type":"type.googleapis.com/google.cloud.functions.v1.CloudFunction","name":"projects/kaushikfirebasemy-app/locations/us-central1/functions/helloWorld","httpsTrigger":{"securityLevel":"SECURE_ALWAYS"},"entryPoint":"helloWorld","labels":{"deployment-tool":"cli-firebase"},"sourceUploadUrl":"https://storage.googleapis.com/uploads-23147665976.us-central1.cloudfunctions.appspot.com/dac1dde9-7fd9-4422-b40e-a32bc14a4828.zip?GoogleAccessId=service-113289750110@gcf-admin-robot.iam.gserviceaccount.com&Expires=1655189652&Signature=Jdg1FOtnKkI6sMYJfeaWCVH0mBihUJLs2Aix4eAVWMN8KuZpnkvOCyCKE1ida7zWIXTRW7GPGTfby9JDGCj70LdqXkV6AtcpLHS7zSxJQMXelgmJ548uLlLCm%2B7Di7MyLYhNW5NbGNTXiALkbu188QmDj8i4lNOpz1EP%2BvKq7%2FNYvJcX%2FqdcYxNeDuJW04OJDQz3V3HNjx4ye%2BY2q4%2BrXiFimy9qu1HPJUG5FPBM7P%2BLFgmGzMksmEHCriCxILdNkHZ8FxCGT%2FEb5eHFNCiBqeqQb15Wxd%2Bu4FtdpRIQE9wRz5Xv5keVkpOSg6qoQ35M%2BLJeT4DPpVxdp8dY2NYPZw%3D%3D","environmentVariables":{"FIREBASE_CONFIG":"{\"projectId\":\"kaushikfirebasemy-app\",\"databaseURL\":\"https://kaushikfirebasemy-app-default-rtdb.asia-southeast1.firebasedatabase.app\",\"storageBucket\":\"kaushikfirebasemy-app.appspot.com\",\"locationId\":\"australia-southeast1\"}","GCLOUD_PROJECT":"kaushikfirebasemy-app"},"runtime":"nodejs16"},"versionId":"1","updateTime":"2022-06-14T06:24:22Z","buildId":"830ef2c4-29ec-4a58-a395-3c167803e968","buildName":"projects/113289750110/locations/us-central1/builds/830ef2c4-29ec-4a58-a395-3c167803e968"}}
[debug] [2022-06-14T06:24:24.959Z] [create-default-us-central1-helloWorld] Retrying task index 0
[debug] [2022-06-14T06:24:24.959Z] >>> [apiv2][query] GET https://cloudfunctions.googleapis.com/v1/operations/a2F1c2hpa2ZpcmViYXNlbXktYXBwL3VzLWNlbnRyYWwxL2hlbGxvV29ybGQvQ2dTUkozOUpoSm8 [none]
[debug] [2022-06-14T06:24:25.538Z] <<< [apiv2][status] GET https://cloudfunctions.googleapis.com/v1/operations/a2F1c2hpa2ZpcmViYXNlbXktYXBwL3VzLWNlbnRyYWwxL2hlbGxvV29ybGQvQ2dTUkozOUpoSm8 200
[debug] [2022-06-14T06:24:25.538Z] <<< [apiv2][body] GET https://cloudfunctions.googleapis.com/v1/operations/a2F1c2hpa2ZpcmViYXNlbXktYXBwL3VzLWNlbnRyYWwxL2hlbGxvV29ybGQvQ2dTUkozOUpoSm8 {"name":"operations/a2F1c2hpa2ZpcmViYXNlbXktYXBwL3VzLWNlbnRyYWwxL2hlbGxvV29ybGQvQ2dTUkozOUpoSm8","metadata":{"@type":"type.googleapis.com/google.cloud.functions.v1.OperationMetadataV1","target":"projects/kaushikfirebasemy-app/locations/us-central1/functions/helloWorld","type":"CREATE_FUNCTION","request":{"@type":"type.googleapis.com/google.cloud.functions.v1.CloudFunction","name":"projects/kaushikfirebasemy-app/locations/us-central1/functions/helloWorld","httpsTrigger":{"securityLevel":"SECURE_ALWAYS"},"entryPoint":"helloWorld","labels":{"deployment-tool":"cli-firebase"},"sourceUploadUrl":"https://storage.googleapis.com/uploads-23147665976.us-central1.cloudfunctions.appspot.com/dac1dde9-7fd9-4422-b40e-a32bc14a4828.zip?GoogleAccessId=service-113289750110@gcf-admin-robot.iam.gserviceaccount.com&Expires=1655189652&Signature=Jdg1FOtnKkI6sMYJfeaWCVH0mBihUJLs2Aix4eAVWMN8KuZpnkvOCyCKE1ida7zWIXTRW7GPGTfby9JDGCj70LdqXkV6AtcpLHS7zSxJQMXelgmJ548uLlLCm%2B7Di7MyLYhNW5NbGNTXiALkbu188QmDj8i4lNOpz1EP%2BvKq7%2FNYvJcX%2FqdcYxNeDuJW04OJDQz3V3HNjx4ye%2BY2q4%2BrXiFimy9qu1HPJUG5FPBM7P%2BLFgmGzMksmEHCriCxILdNkHZ8FxCGT%2FEb5eHFNCiBqeqQb15Wxd%2Bu4FtdpRIQE9wRz5Xv5keVkpOSg6qoQ35M%2BLJeT4DPpVxdp8dY2NYPZw%3D%3D","environmentVariables":{"FIREBASE_CONFIG":"{\"projectId\":\"kaushikfirebasemy-app\",\"databaseURL\":\"https://kaushikfirebasemy-app-default-rtdb.asia-southeast1.firebasedatabase.app\",\"storageBucket\":\"kaushikfirebasemy-app.appspot.com\",\"locationId\":\"australia-southeast1\"}","GCLOUD_PROJECT":"kaushikfirebasemy-app"},"runtime":"nodejs16"},"versionId":"1","updateTime":"2022-06-14T06:24:22Z","buildId":"830ef2c4-29ec-4a58-a395-3c167803e968","buildName":"projects/113289750110/locations/us-central1/builds/830ef2c4-29ec-4a58-a395-3c167803e968"}}
[debug] [2022-06-14T06:24:27.540Z] [create-default-us-central1-helloWorld] Retrying task index 0
[debug] [2022-06-14T06:24:27.540Z] >>> [apiv2][query] GET https://cloudfunctions.googleapis.com/v1/operations/a2F1c2hpa2ZpcmViYXNlbXktYXBwL3VzLWNlbnRyYWwxL2hlbGxvV29ybGQvQ2dTUkozOUpoSm8 [none]
[debug] [2022-06-14T06:24:28.879Z] <<< [apiv2][status] GET https://cloudfunctions.googleapis.com/v1/operations/a2F1c2hpa2ZpcmViYXNlbXktYXBwL3VzLWNlbnRyYWwxL2hlbGxvV29ybGQvQ2dTUkozOUpoSm8 200
[debug] [2022-06-14T06:24:28.880Z] <<< [apiv2][body] GET https://cloudfunctions.googleapis.com/v1/operations/a2F1c2hpa2ZpcmViYXNlbXktYXBwL3VzLWNlbnRyYWwxL2hlbGxvV29ybGQvQ2dTUkozOUpoSm8 {"name":"operations/a2F1c2hpa2ZpcmViYXNlbXktYXBwL3VzLWNlbnRyYWwxL2hlbGxvV29ybGQvQ2dTUkozOUpoSm8","metadata":{"@type":"type.googleapis.com/google.cloud.functions.v1.OperationMetadataV1","target":"projects/kaushikfirebasemy-app/locations/us-central1/functions/helloWorld","type":"CREATE_FUNCTION","request":{"@type":"type.googleapis.com/google.cloud.functions.v1.CloudFunction","name":"projects/kaushikfirebasemy-app/locations/us-central1/functions/helloWorld","httpsTrigger":{"securityLevel":"SECURE_ALWAYS"},"entryPoint":"helloWorld","labels":{"deployment-tool":"cli-firebase"},"sourceUploadUrl":"https://storage.googleapis.com/uploads-23147665976.us-central1.cloudfunctions.appspot.com/dac1dde9-7fd9-4422-b40e-a32bc14a4828.zip?GoogleAccessId=service-113289750110@gcf-admin-robot.iam.gserviceaccount.com&Expires=1655189652&Signature=Jdg1FOtnKkI6sMYJfeaWCVH0mBihUJLs2Aix4eAVWMN8KuZpnkvOCyCKE1ida7zWIXTRW7GPGTfby9JDGCj70LdqXkV6AtcpLHS7zSxJQMXelgmJ548uLlLCm%2B7Di7MyLYhNW5NbGNTXiALkbu188QmDj8i4lNOpz1EP%2BvKq7%2FNYvJcX%2FqdcYxNeDuJW04OJDQz3V3HNjx4ye%2BY2q4%2BrXiFimy9qu1HPJUG5FPBM7P%2BLFgmGzMksmEHCriCxILdNkHZ8FxCGT%2FEb5eHFNCiBqeqQb15Wxd%2Bu4FtdpRIQE9wRz5Xv5keVkpOSg6qoQ35M%2BLJeT4DPpVxdp8dY2NYPZw%3D%3D","environmentVariables":{"FIREBASE_CONFIG":"{\"projectId\":\"kaushikfirebasemy-app\",\"databaseURL\":\"https://kaushikfirebasemy-app-default-rtdb.asia-southeast1.firebasedatabase.app\",\"storageBucket\":\"kaushikfirebasemy-app.appspot.com\",\"locationId\":\"australia-southeast1\"}","GCLOUD_PROJECT":"kaushikfirebasemy-app"},"runtime":"nodejs16"},"versionId":"1","updateTime":"2022-06-14T06:24:22Z","buildId":"830ef2c4-29ec-4a58-a395-3c167803e968","buildName":"projects/113289750110/locations/us-central1/builds/830ef2c4-29ec-4a58-a395-3c167803e968"}}
[debug] [2022-06-14T06:24:32.881Z] [create-default-us-central1-helloWorld] Retrying task index 0
[debug] [2022-06-14T06:24:32.882Z] >>> [apiv2][query] GET https://cloudfunctions.googleapis.com/v1/operations/a2F1c2hpa2ZpcmViYXNlbXktYXBwL3VzLWNlbnRyYWwxL2hlbGxvV29ybGQvQ2dTUkozOUpoSm8 [none]
[debug] [2022-06-14T06:24:34.124Z] <<< [apiv2][status] GET https://cloudfunctions.googleapis.com/v1/operations/a2F1c2hpa2ZpcmViYXNlbXktYXBwL3VzLWNlbnRyYWwxL2hlbGxvV29ybGQvQ2dTUkozOUpoSm8 200
[debug] [2022-06-14T06:24:34.124Z] <<< [apiv2][body] GET https://cloudfunctions.googleapis.com/v1/operations/a2F1c2hpa2ZpcmViYXNlbXktYXBwL3VzLWNlbnRyYWwxL2hlbGxvV29ybGQvQ2dTUkozOUpoSm8 {"name":"operations/a2F1c2hpa2ZpcmViYXNlbXktYXBwL3VzLWNlbnRyYWwxL2hlbGxvV29ybGQvQ2dTUkozOUpoSm8","metadata":{"@type":"type.googleapis.com/google.cloud.functions.v1.OperationMetadataV1","target":"projects/kaushikfirebasemy-app/locations/us-central1/functions/helloWorld","type":"CREATE_FUNCTION","request":{"@type":"type.googleapis.com/google.cloud.functions.v1.CloudFunction","name":"projects/kaushikfirebasemy-app/locations/us-central1/functions/helloWorld","httpsTrigger":{"securityLevel":"SECURE_ALWAYS"},"entryPoint":"helloWorld","labels":{"deployment-tool":"cli-firebase"},"sourceUploadUrl":"https://storage.googleapis.com/uploads-23147665976.us-central1.cloudfunctions.appspot.com/dac1dde9-7fd9-4422-b40e-a32bc14a4828.zip?GoogleAccessId=service-113289750110@gcf-admin-robot.iam.gserviceaccount.com&Expires=1655189652&Signature=Jdg1FOtnKkI6sMYJfeaWCVH0mBihUJLs2Aix4eAVWMN8KuZpnkvOCyCKE1ida7zWIXTRW7GPGTfby9JDGCj70LdqXkV6AtcpLHS7zSxJQMXelgmJ548uLlLCm%2B7Di7MyLYhNW5NbGNTXiALkbu188QmDj8i4lNOpz1EP%2BvKq7%2FNYvJcX%2FqdcYxNeDuJW04OJDQz3V3HNjx4ye%2BY2q4%2BrXiFimy9qu1HPJUG5FPBM7P%2BLFgmGzMksmEHCriCxILdNkHZ8FxCGT%2FEb5eHFNCiBqeqQb15Wxd%2Bu4FtdpRIQE9wRz5Xv5keVkpOSg6qoQ35M%2BLJeT4DPpVxdp8dY2NYPZw%3D%3D","environmentVariables":{"FIREBASE_CONFIG":"{\"projectId\":\"kaushikfirebasemy-app\",\"databaseURL\":\"https://kaushikfirebasemy-app-default-rtdb.asia-southeast1.firebasedatabase.app\",\"storageBucket\":\"kaushikfirebasemy-app.appspot.com\",\"locationId\":\"australia-southeast1\"}","GCLOUD_PROJECT":"kaushikfirebasemy-app"},"runtime":"nodejs16"},"versionId":"1","updateTime":"2022-06-14T06:24:22Z","buildId":"830ef2c4-29ec-4a58-a395-3c167803e968","buildName":"projects/113289750110/locations/us-central1/builds/830ef2c4-29ec-4a58-a395-3c167803e968"}}
[debug] [2022-06-14T06:24:42.125Z] [create-default-us-central1-helloWorld] Retrying task index 0
[debug] [2022-06-14T06:24:42.125Z] >>> [apiv2][query] GET https://cloudfunctions.googleapis.com/v1/operations/a2F1c2hpa2ZpcmViYXNlbXktYXBwL3VzLWNlbnRyYWwxL2hlbGxvV29ybGQvQ2dTUkozOUpoSm8 [none]
[debug] [2022-06-14T06:24:43.561Z] <<< [apiv2][status] GET https://cloudfunctions.googleapis.com/v1/operations/a2F1c2hpa2ZpcmViYXNlbXktYXBwL3VzLWNlbnRyYWwxL2hlbGxvV29ybGQvQ2dTUkozOUpoSm8 200
[debug] [2022-06-14T06:24:43.562Z] <<< [apiv2][body] GET https://cloudfunctions.googleapis.com/v1/operations/a2F1c2hpa2ZpcmViYXNlbXktYXBwL3VzLWNlbnRyYWwxL2hlbGxvV29ybGQvQ2dTUkozOUpoSm8 {"name":"operations/a2F1c2hpa2ZpcmViYXNlbXktYXBwL3VzLWNlbnRyYWwxL2hlbGxvV29ybGQvQ2dTUkozOUpoSm8","metadata":{"@type":"type.googleapis.com/google.cloud.functions.v1.OperationMetadataV1","target":"projects/kaushikfirebasemy-app/locations/us-central1/functions/helloWorld","type":"CREATE_FUNCTION","request":{"@type":"type.googleapis.com/google.cloud.functions.v1.CloudFunction","name":"projects/kaushikfirebasemy-app/locations/us-central1/functions/helloWorld","httpsTrigger":{"securityLevel":"SECURE_ALWAYS"},"entryPoint":"helloWorld","labels":{"deployment-tool":"cli-firebase"},"sourceUploadUrl":"https://storage.googleapis.com/uploads-23147665976.us-central1.cloudfunctions.appspot.com/dac1dde9-7fd9-4422-b40e-a32bc14a4828.zip?GoogleAccessId=service-113289750110@gcf-admin-robot.iam.gserviceaccount.com&Expires=1655189652&Signature=Jdg1FOtnKkI6sMYJfeaWCVH0mBihUJLs2Aix4eAVWMN8KuZpnkvOCyCKE1ida7zWIXTRW7GPGTfby9JDGCj70LdqXkV6AtcpLHS7zSxJQMXelgmJ548uLlLCm%2B7Di7MyLYhNW5NbGNTXiALkbu188QmDj8i4lNOpz1EP%2BvKq7%2FNYvJcX%2FqdcYxNeDuJW04OJDQz3V3HNjx4ye%2BY2q4%2BrXiFimy9qu1HPJUG5FPBM7P%2BLFgmGzMksmEHCriCxILdNkHZ8FxCGT%2FEb5eHFNCiBqeqQb15Wxd%2Bu4FtdpRIQE9wRz5Xv5keVkpOSg6qoQ35M%2BLJeT4DPpVxdp8dY2NYPZw%3D%3D","environmentVariables":{"FIREBASE_CONFIG":"{\"projectId\":\"kaushikfirebasemy-app\",\"databaseURL\":\"https://kaushikfirebasemy-app-default-rtdb.asia-southeast1.firebasedatabase.app\",\"storageBucket\":\"kaushikfirebasemy-app.appspot.com\",\"locationId\":\"australia-southeast1\"}","GCLOUD_PROJECT":"kaushikfirebasemy-app"},"runtime":"nodejs16"},"versionId":"1","updateTime":"2022-06-14T06:24:22Z","buildId":"830ef2c4-29ec-4a58-a395-3c167803e968","buildName":"projects/113289750110/locations/us-central1/builds/830ef2c4-29ec-4a58-a395-3c167803e968"}}
[debug] [2022-06-14T06:24:53.563Z] [create-default-us-central1-helloWorld] Retrying task index 0
[debug] [2022-06-14T06:24:53.567Z] >>> [apiv2][query] GET https://cloudfunctions.googleapis.com/v1/operations/a2F1c2hpa2ZpcmViYXNlbXktYXBwL3VzLWNlbnRyYWwxL2hlbGxvV29ybGQvQ2dTUkozOUpoSm8 [none]
[debug] [2022-06-14T06:24:54.303Z] <<< [apiv2][status] GET https://cloudfunctions.googleapis.com/v1/operations/a2F1c2hpa2ZpcmViYXNlbXktYXBwL3VzLWNlbnRyYWwxL2hlbGxvV29ybGQvQ2dTUkozOUpoSm8 200
[debug] [2022-06-14T06:24:54.304Z] <<< [apiv2][body] GET https://cloudfunctions.googleapis.com/v1/operations/a2F1c2hpa2ZpcmViYXNlbXktYXBwL3VzLWNlbnRyYWwxL2hlbGxvV29ybGQvQ2dTUkozOUpoSm8 {"name":"operations/a2F1c2hpa2ZpcmViYXNlbXktYXBwL3VzLWNlbnRyYWwxL2hlbGxvV29ybGQvQ2dTUkozOUpoSm8","metadata":{"@type":"type.googleapis.com/google.cloud.functions.v1.OperationMetadataV1","target":"projects/kaushikfirebasemy-app/locations/us-central1/functions/helloWorld","type":"CREATE_FUNCTION","request":{"@type":"type.googleapis.com/google.cloud.functions.v1.CloudFunction","name":"projects/kaushikfirebasemy-app/locations/us-central1/functions/helloWorld","httpsTrigger":{"securityLevel":"SECURE_ALWAYS"},"entryPoint":"helloWorld","labels":{"deployment-tool":"cli-firebase"},"sourceUploadUrl":"https://storage.googleapis.com/uploads-23147665976.us-central1.cloudfunctions.appspot.com/dac1dde9-7fd9-4422-b40e-a32bc14a4828.zip?GoogleAccessId=service-113289750110@gcf-admin-robot.iam.gserviceaccount.com&Expires=1655189652&Signature=Jdg1FOtnKkI6sMYJfeaWCVH0mBihUJLs2Aix4eAVWMN8KuZpnkvOCyCKE1ida7zWIXTRW7GPGTfby9JDGCj70LdqXkV6AtcpLHS7zSxJQMXelgmJ548uLlLCm%2B7Di7MyLYhNW5NbGNTXiALkbu188QmDj8i4lNOpz1EP%2BvKq7%2FNYvJcX%2FqdcYxNeDuJW04OJDQz3V3HNjx4ye%2BY2q4%2BrXiFimy9qu1HPJUG5FPBM7P%2BLFgmGzMksmEHCriCxILdNkHZ8FxCGT%2FEb5eHFNCiBqeqQb15Wxd%2Bu4FtdpRIQE9wRz5Xv5keVkpOSg6qoQ35M%2BLJeT4DPpVxdp8dY2NYPZw%3D%3D","environmentVariables":{"FIREBASE_CONFIG":"{\"projectId\":\"kaushikfirebasemy-app\",\"databaseURL\":\"https://kaushikfirebasemy-app-default-rtdb.asia-southeast1.firebasedatabase.app\",\"storageBucket\":\"kaushikfirebasemy-app.appspot.com\",\"locationId\":\"australia-southeast1\"}","GCLOUD_PROJECT":"kaushikfirebasemy-app"},"runtime":"nodejs16"},"versionId":"1","updateTime":"2022-06-14T06:24:22Z","buildId":"830ef2c4-29ec-4a58-a395-3c167803e968","buildName":"projects/113289750110/locations/us-central1/builds/830ef2c4-29ec-4a58-a395-3c167803e968"}}
